<?xml version="1.0" encoding="UTF-8"?>
<!-- Generated by org.testng.reporters.JUnitXMLReporter -->
<testsuite ignored="7" hostname="DESKTOP-L48DKLF" failures="0" tests="12" name="HeadlessTest" time="53.134" errors="0" timestamp="2024-06-16T20:04:32 IST">
  <testcase classname="test.AccountCreationTest" name="createAccount_ValidCred" time="0.0">
    <skipped/>
  </testcase> <!-- createAccount_ValidCred -->
  <testcase classname="test.AccountCreationTest" name="createAccount_InValidCred" time="0.0">
    <skipped/>
  </testcase> <!-- createAccount_InValidCred -->
  <testcase classname="test.SignInTest" name="signIn_ValidCred" time="0.0">
    <skipped/>
  </testcase> <!-- signIn_ValidCred -->
  <testcase classname="test.SignInTest" name="signIn_InValidCred" time="0.004">
    <skipped/>
  </testcase> <!-- signIn_InValidCred -->
  <testcase classname="test.BottomLinksTest" name="bottomLinkValidation" time="0.0">
    <skipped/>
  </testcase> <!-- bottomLinkValidation -->
  <testcase classname="test.MenuVaildationTest" name="validateMenu" time="0.0">
    <skipped/>
  </testcase> <!-- validateMenu -->
  <testcase classname="test.ProductSearchAndFilterTest" name="searchProduct" time="0.0">
    <skipped/>
  </testcase> <!-- searchProduct -->
  <testcase classname="test.ProductSearchAndFilterTest" name="searchProduct" time="0.0">
    <skipped/>
  </testcase> <!-- searchProduct -->
  <testcase classname="test.ProductSearchAndFilterTest" name="filterSearchResults" time="0.0">
    <skipped/>
  </testcase> <!-- filterSearchResults -->
  <testcase classname="test.OrderPlaceTest" name="placeOrder" time="0.0">
    <skipped/>
  </testcase> <!-- placeOrder -->
  <testcase classname="test.ByDepartmentSelectionTest" name="selectByDept" time="0.0">
    <skipped/>
  </testcase> <!-- selectByDept -->
  <testcase classname="test.ByBrandSelectionTest" name="selectByBrand" time="0.0">
    <skipped/>
  </testcase> <!-- selectByBrand -->
  <testcase classname="base.ProjectSpecificationMethod" name="@BeforeSuite validateUrlConnection" time="0.0">
    <ignored/>
  </testcase> <!-- @BeforeSuite validateUrlConnection -->
  <testcase classname="base.ProjectSpecificationMethod" name="@BeforeSuite validateUrlConnection" time="0.0">
    <ignored/>
  </testcase> <!-- @BeforeSuite validateUrlConnection -->
  <testcase classname="base.ProjectSpecificationMethod" name="@BeforeSuite validateUrlConnection" time="0.0">
    <ignored/>
  </testcase> <!-- @BeforeSuite validateUrlConnection -->
  <testcase classname="base.ProjectSpecificationMethod" name="@BeforeSuite validateUrlConnection" time="0.0">
    <ignored/>
  </testcase> <!-- @BeforeSuite validateUrlConnection -->
  <testcase classname="base.ProjectSpecificationMethod" name="@BeforeSuite validateUrlConnection" time="0.0">
    <ignored/>
  </testcase> <!-- @BeforeSuite validateUrlConnection -->
  <testcase classname="base.ProjectSpecificationMethod" name="@BeforeSuite validateUrlConnection" time="0.0">
    <ignored/>
  </testcase> <!-- @BeforeSuite validateUrlConnection -->
  <testcase classname="base.ProjectSpecificationMethod" name="@BeforeSuite validateUrlConnection" time="0.0">
    <ignored/>
  </testcase> <!-- @BeforeSuite validateUrlConnection -->
</testsuite> <!-- HeadlessTest -->
