<?xml version="1.0" encoding="UTF-8"?>
<testng-results ignored="0" total="1" passed="1" failed="0" skipped="0">
  <reporter-output>
  </reporter-output>
  <suite started-at="2024-06-13T20:32:50 IST" name="Suite" finished-at="2024-06-13T20:36:18 IST" duration-ms="208679">
    <groups>
    </groups>
    <test started-at="2024-06-13T20:32:50 IST" name="Test" finished-at="2024-06-13T20:36:18 IST" duration-ms="208679">
      <class name="test.AccountCreationTest">
        <test-method is-config="true" signature="validateUrlConnection(java.lang.String)[pri:0, instance:test.AccountCreationTest@503f91c3]" started-at="2024-06-13T20:32:40 IST" name="validateUrlConnection" finished-at="2024-06-13T20:32:50 IST" duration-ms="9772" status="PASS">
          <params>
            <param index="0">
              <value>
                <![CDATA[https://www.bestbuy.com/]]>
              </value>
            </param>
          </params>
          <reporter-output>
          </reporter-output>
        </test-method> <!-- validateUrlConnection -->
        <test-method is-config="true" signature="launchBrowser(java.lang.String,java.lang.String,java.lang.String)[pri:0, instance:test.AccountCreationTest@503f91c3]" started-at="2024-06-13T20:32:54 IST" name="launchBrowser" finished-at="2024-06-13T20:33:50 IST" duration-ms="56015" status="PASS">
          <params>
            <param index="0">
              <value>
                <![CDATA[chrome]]>
              </value>
            </param>
            <param index="1">
              <value>
                <![CDATA[https://www.bestbuy.com/]]>
              </value>
            </param>
            <param index="2">
              <value>
                <![CDATA[US]]>
              </value>
            </param>
          </params>
          <reporter-output>
          </reporter-output>
        </test-method> <!-- launchBrowser -->
        <test-method signature="createAccount_InValidCred(java.lang.String,java.lang.String,java.lang.String,java.lang.String,java.lang.String,java.lang.String)[pri:2, instance:test.AccountCreationTest@503f91c3]" started-at="2024-06-13T20:33:50 IST" name="createAccount_InValidCred" data-provider="invalid_AccountCreationDetails" finished-at="2024-06-13T20:36:18 IST" duration-ms="148764" status="PASS">
          <params>
            <param index="0">
              <value>
                <![CDATA[T]]>
              </value>
            </param>
            <param index="1">
              <value>
                <![CDATA[U]]>
              </value>
            </param>
            <param index="2">
              <value>
                <![CDATA[qasurt@co]]>
              </value>
            </param>
            <param index="3">
              <value>
                <![CDATA[123]]>
              </value>
            </param>
            <param index="4">
              <value>
                <![CDATA[123]]>
              </value>
            </param>
            <param index="5">
              <value>
                <![CDATA[1234]]>
              </value>
            </param>
          </params>
          <reporter-output>
          </reporter-output>
        </test-method> <!-- createAccount_InValidCred -->
        <test-method is-config="true" signature="closeBrowser()[pri:0, instance:test.AccountCreationTest@503f91c3]" started-at="2024-06-13T20:36:18 IST" name="closeBrowser" finished-at="2024-06-13T20:36:18 IST" duration-ms="5" status="PASS">
          <reporter-output>
          </reporter-output>
        </test-method> <!-- closeBrowser -->
      </class> <!-- test.AccountCreationTest -->
    </test> <!-- Test -->
  </suite> <!-- Suite -->
</testng-results>
